mode: set
github.com\MeridianHoldings\API\nutritionix.go:32.14,44.16 8 0
github.com\MeridianHoldings\API\nutritionix.go:49.2,53.16 4 0
github.com\MeridianHoldings\API\nutritionix.go:57.2,61.67 3 0
github.com\MeridianHoldings\API\nutritionix.go:64.2,66.27 2 0
github.com\MeridianHoldings\API\nutritionix.go:44.16,47.3 2 0
github.com\MeridianHoldings\API\nutritionix.go:53.16,56.3 2 0
github.com\MeridianHoldings\API\nutritionix.go:61.67,63.3 1 0
github.com\MeridianHoldings\API\nutritionix.go:66.27,71.3 4 0
