mode: set
github.com\MeridianHoldings\API\nutritionix\nutritionix.go:32.14,42.16 8 0
github.com\MeridianHoldings\API\nutritionix\nutritionix.go:48.2,52.16 4 0
github.com\MeridianHoldings\API\nutritionix\nutritionix.go:56.2,60.67 3 0
github.com\MeridianHoldings\API\nutritionix\nutritionix.go:63.2,65.27 2 0
github.com\MeridianHoldings\API\nutritionix\nutritionix.go:42.16,46.3 3 0
github.com\MeridianHoldings\API\nutritionix\nutritionix.go:52.16,55.3 2 0
github.com\MeridianHoldings\API\nutritionix\nutritionix.go:60.67,62.3 1 0
github.com\MeridianHoldings\API\nutritionix\nutritionix.go:65.27,70.3 4 0
