mode: set
github.com\MeridianHoldings\API\train\newtrain.go:7.24,11.2 1 1
github.com\MeridianHoldings\API\train\newtrain.go:13.22,16.2 2 1
github.com\MeridianHoldings\API\train\newtrain.go:18.24,21.2 2 1
github.com\MeridianHoldings\API\train\newtrain.go:23.29,25.2 1 1
github.com\MeridianHoldings\API\train\train.go:12.26,15.2 2 1
github.com\MeridianHoldings\API\train\train.go:17.30,20.2 2 1
github.com\MeridianHoldings\API\train\train.go:22.26,25.2 2 1
github.com\MeridianHoldings\API\train\train.go:27.26,30.2 2 1
